# JRE version: Java(TM) SE Runtime Environment (7.0_45-b18) (build 1.7.0_45-b18)
# Java VM: Java HotSpot(TM) 64-Bit Server VM (24.45-b08 mixed mode windows-amd64 compressed oops)
Heap
 PSYoungGen      total 36352K, used 25295K [0x00000000d7880000, 0x00000000da100000, 0x0000000100000000)
  eden space 31232K, 76% used [0x00000000d7880000,0x00000000d8ff1da0,0x00000000d9700000)
  from space 5120K, 25% used [0x00000000d9c00000,0x00000000d9d42020,0x00000000da100000)
  to   space 5120K, 0% used [0x00000000d9700000,0x00000000d9700000,0x00000000d9c00000)
 ParOldGen       total 82432K, used 5070K [0x0000000086a00000, 0x000000008ba80000, 0x00000000d7880000)
  object space 82432K, 6% used [0x0000000086a00000,0x0000000086ef3a20,0x000000008ba80000)
 PSPermGen       total 21504K, used 8016K [0x0000000081800000, 0x0000000082d00000, 0x0000000086a00000)
  object space 21504K, 37% used [0x0000000081800000,0x0000000081fd4008,0x0000000082d00000)
GC Heap History (8 events):
Event: 9.932 GC heap before
{Heap before GC invocations=1 (full 0):
 PSYoungGen      total 36352K, used 31232K [0x00000000d7880000, 0x00000000da100000, 0x0000000100000000)
  eden space 31232K, 100% used [0x00000000d7880000,0x00000000d9700000,0x00000000d9700000)
  from space 5120K, 0% used [0x00000000d9c00000,0x00000000d9c00000,0x00000000da100000)
  to   space 5120K, 0% used [0x00000000d9700000,0x00000000d9700000,0x00000000d9c00000)
 ParOldGen       total 82432K, used 0K [0x0000000086a00000, 0x000000008ba80000, 0x00000000d7880000)
  object space 82432K, 0% used [0x0000000086a00000,0x0000000086a00000,0x000000008ba80000)
 PSPermGen       total 21504K, used 8012K [0x0000000081800000, 0x0000000082d00000, 0x0000000086a00000)
  object space 21504K, 37% used [0x0000000081800000,0x0000000081fd3340,0x0000000082d00000)
Event: 9.937 GC heap after
Heap after GC invocations=1 (full 0):
 PSYoungGen      total 36352K, used 3955K [0x00000000d7880000, 0x00000000da100000, 0x0000000100000000)
  eden space 31232K, 0% used [0x00000000d7880000,0x00000000d7880000,0x00000000d9700000)
  from space 5120K, 77% used [0x00000000d9700000,0x00000000d9adcd30,0x00000000d9c00000)
  to   space 5120K, 0% used [0x00000000d9c00000,0x00000000d9c00000,0x00000000da100000)
 ParOldGen       total 82432K, used 5070K [0x0000000086a00000, 0x000000008ba80000, 0x00000000d7880000)
  object space 82432K, 6% used [0x0000000086a00000,0x0000000086ef3a20,0x000000008ba80000)
 PSPermGen       total 21504K, used 8012K [0x0000000081800000, 0x0000000082d00000, 0x0000000086a00000)
  object space 21504K, 37% used [0x0000000081800000,0x0000000081fd3340,0x0000000082d00000)
}
Event: 16.667 GC heap before
{Heap before GC invocations=2 (full 0):
 PSYoungGen      total 36352K, used 35187K [0x00000000d7880000, 0x00000000da100000, 0x0000000100000000)
  eden space 31232K, 100% used [0x00000000d7880000,0x00000000d9700000,0x00000000d9700000)
  from space 5120K, 77% used [0x00000000d9700000,0x00000000d9adcd30,0x00000000d9c00000)
  to   space 5120K, 0% used [0x00000000d9c00000,0x00000000d9c00000,0x00000000da100000)
 ParOldGen       total 82432K, used 5070K [0x0000000086a00000, 0x000000008ba80000, 0x00000000d7880000)
  object space 82432K, 6% used [0x0000000086a00000,0x0000000086ef3a20,0x000000008ba80000)
 PSPermGen       total 21504K, used 8012K [0x0000000081800000, 0x0000000082d00000, 0x0000000086a00000)
  object space 21504K, 37% used [0x0000000081800000,0x0000000081fd3340,0x0000000082d00000)
Event: 16.670 GC heap after
Heap after GC invocations=2 (full 0):
 PSYoungGen      total 36352K, used 1320K [0x00000000d7880000, 0x00000000da100000, 0x0000000100000000)
  eden space 31232K, 0% used [0x00000000d7880000,0x00000000d7880000,0x00000000d9700000)
  from space 5120K, 25% used [0x00000000d9c00000,0x00000000d9d4a020,0x00000000da100000)
  to   space 5120K, 0% used [0x00000000d9700000,0x00000000d9700000,0x00000000d9c00000)
 ParOldGen       total 82432K, used 5070K [0x0000000086a00000, 0x000000008ba80000, 0x00000000d7880000)
  object space 82432K, 6% used [0x0000000086a00000,0x0000000086ef3a20,0x000000008ba80000)
 PSPermGen       total 21504K, used 8012K [0x0000000081800000, 0x0000000082d00000, 0x0000000086a00000)
  object space 21504K, 37% used [0x0000000081800000,0x0000000081fd3340,0x0000000082d00000)
}
Event: 25.648 GC heap before
{Heap before GC invocations=3 (full 0):
 PSYoungGen      total 36352K, used 32552K [0x00000000d7880000, 0x00000000da100000, 0x0000000100000000)
  eden space 31232K, 100% used [0x00000000d7880000,0x00000000d9700000,0x00000000d9700000)
  from space 5120K, 25% used [0x00000000d9c00000,0x00000000d9d4a020,0x00000000da100000)
  to   space 5120K, 0% used [0x00000000d9700000,0x00000000d9700000,0x00000000d9c00000)
 ParOldGen       total 82432K, used 5070K [0x0000000086a00000, 0x000000008ba80000, 0x00000000d7880000)
  object space 82432K, 6% used [0x0000000086a00000,0x0000000086ef3a20,0x000000008ba80000)
 PSPermGen       total 21504K, used 8015K [0x0000000081800000, 0x0000000082d00000, 0x0000000086a00000)
  object space 21504K, 37% used [0x0000000081800000,0x0000000081fd3f10,0x0000000082d00000)
Event: 25.651 GC heap after
Heap after GC invocations=3 (full 0):
 PSYoungGen      total 36352K, used 1336K [0x00000000d7880000, 0x00000000da100000, 0x0000000100000000)
  eden space 31232K, 0% used [0x00000000d7880000,0x00000000d7880000,0x00000000d9700000)
  from space 5120K, 26% used [0x00000000d9700000,0x00000000d984e010,0x00000000d9c00000)
  to   space 5120K, 0% used [0x00000000d9c00000,0x00000000d9c00000,0x00000000da100000)
 ParOldGen       total 82432K, used 5070K [0x0000000086a00000, 0x000000008ba80000, 0x00000000d7880000)
  object space 82432K, 6% used [0x0000000086a00000,0x0000000086ef3a20,0x000000008ba80000)
 PSPermGen       total 21504K, used 8015K [0x0000000081800000, 0x0000000082d00000, 0x0000000086a00000)
  object space 21504K, 37% used [0x0000000081800000,0x0000000081fd3f10,0x0000000082d00000)
}
Event: 32.932 GC heap before
{Heap before GC invocations=4 (full 0):
 PSYoungGen      total 36352K, used 32568K [0x00000000d7880000, 0x00000000da100000, 0x0000000100000000)
  eden space 31232K, 100% used [0x00000000d7880000,0x00000000d9700000,0x00000000d9700000)
  from space 5120K, 26% used [0x00000000d9700000,0x00000000d984e010,0x00000000d9c00000)
  to   space 5120K, 0% used [0x00000000d9c00000,0x00000000d9c00000,0x00000000da100000)
 ParOldGen       total 82432K, used 5070K [0x0000000086a00000, 0x000000008ba80000, 0x00000000d7880000)
  object space 82432K, 6% used [0x0000000086a00000,0x0000000086ef3a20,0x000000008ba80000)
 PSPermGen       total 21504K, used 8015K [0x0000000081800000, 0x0000000082d00000, 0x0000000086a00000)
  object space 21504K, 37% used [0x0000000081800000,0x0000000081fd3f10,0x0000000082d00000)
Event: 32.935 GC heap after
Heap after GC invocations=4 (full 0):
 PSYoungGen      total 36352K, used 1288K [0x00000000d7880000, 0x00000000da100000, 0x0000000100000000)
  eden space 31232K, 0% used [0x00000000d7880000,0x00000000d7880000,0x00000000d9700000)
  from space 5120K, 25% used [0x00000000d9c00000,0x00000000d9d42020,0x00000000da100000)
  to   space 5120K, 0% used [0x00000000d9700000,0x00000000d9700000,0x00000000d9c00000)
 ParOldGen       total 82432K, used 5070K [0x0000000086a00000, 0x000000008ba80000, 0x00000000d7880000)
  object space 82432K, 6% used [0x0000000086a00000,0x0000000086ef3a20,0x000000008ba80000)
 PSPermGen       total 21504K, used 8015K [0x0000000081800000, 0x0000000082d00000, 0x0000000086a00000)
  object space 21504K, 37% used [0x0000000081800000,0x0000000081fd3f10,0x0000000082d00000)
}

